2019-02-12 17:21:57.648  INFO 32015 --- [main] c.ua.sutty.jwtoauth.JwtOauthApplication  : Starting JwtOauthApplication on suttyread-lx with PID 32015 (/home/NIX/suttyread/IdeaProjects/jwt-oauth/target/classes started by suttyread in /home/NIX/suttyread/IdeaProjects/jwt-oauth)
2019-02-12 17:21:57.650  INFO 32015 --- [main] c.ua.sutty.jwtoauth.JwtOauthApplication  : No active profile set, falling back to default profiles: default
2019-02-12 17:21:58.118  INFO 32015 --- [main] .s.d.r.c.RepositoryConfigurationDelegate : Bootstrapping Spring Data repositories in DEFAULT mode.
2019-02-12 17:21:58.156  INFO 32015 --- [main] .s.d.r.c.RepositoryConfigurationDelegate : Finished Spring Data repository scanning in 34ms. Found 1 repository interfaces.
2019-02-12 17:21:58.363  INFO 32015 --- [main] trationDelegate$BeanPostProcessorChecker : Bean 'org.springframework.transaction.annotation.ProxyTransactionManagementConfiguration' of type [org.springframework.transaction.annotation.ProxyTransactionManagementConfiguration$$EnhancerBySpringCGLIB$$d769b1b7] is not eligible for getting processed by all BeanPostProcessors (for example: not eligible for auto-proxying)
2019-02-12 17:21:58.523  INFO 32015 --- [main] o.s.b.w.embedded.tomcat.TomcatWebServer  : Tomcat initialized with port(s): 9000 (http)
2019-02-12 17:21:58.536  INFO 32015 --- [main] o.apache.catalina.core.StandardService   : Starting service [Tomcat]
2019-02-12 17:21:58.536  INFO 32015 --- [main] org.apache.catalina.core.StandardEngine  : Starting Servlet engine: [Apache Tomcat/9.0.14]
2019-02-12 17:21:58.540  INFO 32015 --- [main] o.a.catalina.core.AprLifecycleListener   : The APR based Apache Tomcat Native library which allows optimal performance in production environments was not found on the java.library.path: [/usr/java/packages/lib/amd64:/usr/lib64:/lib64:/lib:/usr/lib]
2019-02-12 17:21:58.607  INFO 32015 --- [main] o.a.c.c.C.[Tomcat].[localhost].[/]       : Initializing Spring embedded WebApplicationContext
2019-02-12 17:21:58.607  INFO 32015 --- [main] o.s.web.context.ContextLoader            : Root WebApplicationContext: initialization completed in 930 ms
2019-02-12 17:21:58.698  INFO 32015 --- [main] com.zaxxer.hikari.HikariDataSource       : HikariPool-1 - Starting...
2019-02-12 17:21:58.760  INFO 32015 --- [main] com.zaxxer.hikari.HikariDataSource       : HikariPool-1 - Start completed.
2019-02-12 17:21:58.833  INFO 32015 --- [main] o.hibernate.jpa.internal.util.LogHelper  : HHH000204: Processing PersistenceUnitInfo [
	name: default
	...]
2019-02-12 17:21:58.866  INFO 32015 --- [main] org.hibernate.Version                    : HHH000412: Hibernate Core {5.3.7.Final}
2019-02-12 17:21:58.867  INFO 32015 --- [main] org.hibernate.cfg.Environment            : HHH000206: hibernate.properties not found
2019-02-12 17:21:58.931  INFO 32015 --- [main] o.hibernate.annotations.common.Version   : HCANN000001: Hibernate Commons Annotations {5.0.4.Final}
2019-02-12 17:21:58.989  INFO 32015 --- [main] org.hibernate.dialect.Dialect            : HHH000400: Using dialect: org.hibernate.dialect.MySQL5Dialect
2019-02-12 17:21:59.326  INFO 32015 --- [main] o.h.t.schema.internal.SchemaCreatorImpl  : HHH000476: Executing import script 'org.hibernate.tool.schema.internal.exec.ScriptSourceInputNonExistentImpl@1578b8ec'
2019-02-12 17:21:59.329  INFO 32015 --- [main] j.LocalContainerEntityManagerFactoryBean : Initialized JPA EntityManagerFactory for persistence unit 'default'
2019-02-12 17:21:59.577  WARN 32015 --- [main] o.s.s.o.p.t.s.JwtAccessTokenConverter    : Unable to create an RSA verifier from verifierKey (ignoreable if using MAC)
2019-02-12 17:21:59.751  INFO 32015 --- [main] o.s.s.web.DefaultSecurityFilterChain     : Creating filter chain: OrRequestMatcher [requestMatchers=[Ant [pattern='/oauth/token'], Ant [pattern='/oauth/token_key'], Ant [pattern='/oauth/check_token']]], [org.springframework.security.web.context.request.async.WebAsyncManagerIntegrationFilter@3070f3e6, org.springframework.security.web.context.SecurityContextPersistenceFilter@5323999f, org.springframework.security.web.header.HeaderWriterFilter@59d5a6fd, org.springframework.security.web.authentication.logout.LogoutFilter@1ccc1026, org.springframework.security.web.authentication.www.BasicAuthenticationFilter@4e3283f6, org.springframework.security.web.savedrequest.RequestCacheAwareFilter@3bc20984, org.springframework.security.web.servletapi.SecurityContextHolderAwareRequestFilter@19ae36f4, org.springframework.security.web.authentication.AnonymousAuthenticationFilter@3271ec2a, org.springframework.security.web.session.SessionManagementFilter@166b11e, org.springframework.security.web.access.ExceptionTranslationFilter@44641d6c, org.springframework.security.web.access.intercept.FilterSecurityInterceptor@795f6681]
2019-02-12 17:21:59.769  WARN 32015 --- [main] aWebConfiguration$JpaWebMvcConfiguration : spring.jpa.open-in-view is enabled by default. Therefore, database queries may be performed during view rendering. Explicitly configure spring.jpa.open-in-view to disable this warning
2019-02-12 17:21:59.798  INFO 32015 --- [main] o.s.s.web.DefaultSecurityFilterChain     : Creating filter chain: org.springframework.security.oauth2.config.annotation.web.configuration.ResourceServerConfiguration$NotOAuthRequestMatcher@6704df84, [org.springframework.security.web.context.request.async.WebAsyncManagerIntegrationFilter@1412682c, org.springframework.security.web.context.SecurityContextPersistenceFilter@32da97fd, org.springframework.security.web.header.HeaderWriterFilter@5cce40d7, org.springframework.web.filter.CorsFilter@53bb71e5, org.springframework.security.web.authentication.logout.LogoutFilter@2049e582, org.springframework.security.oauth2.provider.authentication.OAuth2AuthenticationProcessingFilter@4c5406b, org.springframework.security.web.savedrequest.RequestCacheAwareFilter@64440065, org.springframework.security.web.servletapi.SecurityContextHolderAwareRequestFilter@4aa22cc2, org.springframework.security.web.authentication.AnonymousAuthenticationFilter@54a056e4, org.springframework.security.web.session.SessionManagementFilter@314b7945, org.springframework.security.web.access.ExceptionTranslationFilter@7604198a, org.springframework.security.web.access.intercept.FilterSecurityInterceptor@6a96d639]
2019-02-12 17:21:59.801  INFO 32015 --- [main] o.s.s.web.DefaultSecurityFilterChain     : Creating filter chain: any request, [org.springframework.security.web.context.request.async.WebAsyncManagerIntegrationFilter@597a7afa, org.springframework.security.web.context.SecurityContextPersistenceFilter@748904e8, org.springframework.security.web.header.HeaderWriterFilter@28cb86b2, org.springframework.security.web.csrf.CsrfFilter@3407aa4f, org.springframework.security.web.authentication.logout.LogoutFilter@6d4a05f7, org.springframework.security.web.savedrequest.RequestCacheAwareFilter@4fbaa7f5, org.springframework.security.web.servletapi.SecurityContextHolderAwareRequestFilter@3b3056a6, org.springframework.security.web.authentication.AnonymousAuthenticationFilter@29dcdd1c, org.springframework.security.web.session.SessionManagementFilter@22ae905f, org.springframework.security.web.access.ExceptionTranslationFilter@10e56da9, org.springframework.security.web.access.intercept.FilterSecurityInterceptor@4f235e8e]
2019-02-12 17:21:59.884  INFO 32015 --- [main] o.s.s.concurrent.ThreadPoolTaskExecutor  : Initializing ExecutorService 'applicationTaskExecutor'
2019-02-12 17:21:59.976  INFO 32015 --- [main] o.s.b.w.embedded.tomcat.TomcatWebServer  : Tomcat started on port(s): 9000 (http) with context path ''
2019-02-12 17:21:59.977  INFO 32015 --- [main] c.ua.sutty.jwtoauth.JwtOauthApplication  : Started JwtOauthApplication in 2.62 seconds (JVM running for 3.137)
2019-02-12 17:22:36.538  INFO 32015 --- [Thread-7] o.s.s.concurrent.ThreadPoolTaskExecutor  : Shutting down ExecutorService 'applicationTaskExecutor'
2019-02-12 17:22:36.539  INFO 32015 --- [Thread-7] j.LocalContainerEntityManagerFactoryBean : Closing JPA EntityManagerFactory for persistence unit 'default'
2019-02-12 17:22:36.540  INFO 32015 --- [Thread-7] com.zaxxer.hikari.HikariDataSource       : HikariPool-1 - Shutdown initiated...
2019-02-12 17:22:36.542  INFO 32015 --- [Thread-7] com.zaxxer.hikari.HikariDataSource       : HikariPool-1 - Shutdown completed.
2019-02-12 17:22:39.854  INFO 32153 --- [main] c.ua.sutty.jwtoauth.JwtOauthApplication  : Starting JwtOauthApplication on suttyread-lx with PID 32153 (/home/NIX/suttyread/IdeaProjects/jwt-oauth/target/classes started by suttyread in /home/NIX/suttyread/IdeaProjects/jwt-oauth)
2019-02-12 17:22:39.855  INFO 32153 --- [main] c.ua.sutty.jwtoauth.JwtOauthApplication  : No active profile set, falling back to default profiles: default
2019-02-12 17:22:40.388  INFO 32153 --- [main] .s.d.r.c.RepositoryConfigurationDelegate : Bootstrapping Spring Data repositories in DEFAULT mode.
2019-02-12 17:22:40.431  INFO 32153 --- [main] .s.d.r.c.RepositoryConfigurationDelegate : Finished Spring Data repository scanning in 39ms. Found 1 repository interfaces.
2019-02-12 17:22:40.658  INFO 32153 --- [main] trationDelegate$BeanPostProcessorChecker : Bean 'org.springframework.transaction.annotation.ProxyTransactionManagementConfiguration' of type [org.springframework.transaction.annotation.ProxyTransactionManagementConfiguration$$EnhancerBySpringCGLIB$$dab9923a] is not eligible for getting processed by all BeanPostProcessors (for example: not eligible for auto-proxying)
2019-02-12 17:22:40.820  INFO 32153 --- [main] o.s.b.w.embedded.tomcat.TomcatWebServer  : Tomcat initialized with port(s): 9000 (http)
2019-02-12 17:22:40.832  INFO 32153 --- [main] o.apache.catalina.core.StandardService   : Starting service [Tomcat]
2019-02-12 17:22:40.832  INFO 32153 --- [main] org.apache.catalina.core.StandardEngine  : Starting Servlet engine: [Apache Tomcat/9.0.14]
2019-02-12 17:22:40.836  INFO 32153 --- [main] o.a.catalina.core.AprLifecycleListener   : The APR based Apache Tomcat Native library which allows optimal performance in production environments was not found on the java.library.path: [/usr/java/packages/lib/amd64:/usr/lib64:/lib64:/lib:/usr/lib]
2019-02-12 17:22:40.902  INFO 32153 --- [main] o.a.c.c.C.[Tomcat].[localhost].[/]       : Initializing Spring embedded WebApplicationContext
2019-02-12 17:22:40.902  INFO 32153 --- [main] o.s.web.context.ContextLoader            : Root WebApplicationContext: initialization completed in 1021 ms
2019-02-12 17:22:40.995  INFO 32153 --- [main] com.zaxxer.hikari.HikariDataSource       : HikariPool-1 - Starting...
2019-02-12 17:22:41.051  INFO 32153 --- [main] com.zaxxer.hikari.HikariDataSource       : HikariPool-1 - Start completed.
2019-02-12 17:22:41.120  INFO 32153 --- [main] o.hibernate.jpa.internal.util.LogHelper  : HHH000204: Processing PersistenceUnitInfo [
	name: default
	...]
2019-02-12 17:22:41.149  INFO 32153 --- [main] org.hibernate.Version                    : HHH000412: Hibernate Core {5.3.7.Final}
2019-02-12 17:22:41.150  INFO 32153 --- [main] org.hibernate.cfg.Environment            : HHH000206: hibernate.properties not found
2019-02-12 17:22:41.212  INFO 32153 --- [main] o.hibernate.annotations.common.Version   : HCANN000001: Hibernate Commons Annotations {5.0.4.Final}
2019-02-12 17:22:41.271  INFO 32153 --- [main] org.hibernate.dialect.Dialect            : HHH000400: Using dialect: org.hibernate.dialect.MySQL5Dialect
2019-02-12 17:22:41.606  INFO 32153 --- [main] o.h.t.schema.internal.SchemaCreatorImpl  : HHH000476: Executing import script 'ScriptSourceInputFromUrl(file:/home/NIX/suttyread/IdeaProjects/jwt-oauth/target/classes/import.sql)'
2019-02-12 17:22:41.643  INFO 32153 --- [main] j.LocalContainerEntityManagerFactoryBean : Initialized JPA EntityManagerFactory for persistence unit 'default'
2019-02-12 17:22:41.892  WARN 32153 --- [main] o.s.s.o.p.t.s.JwtAccessTokenConverter    : Unable to create an RSA verifier from verifierKey (ignoreable if using MAC)
2019-02-12 17:22:42.063  INFO 32153 --- [main] o.s.s.web.DefaultSecurityFilterChain     : Creating filter chain: OrRequestMatcher [requestMatchers=[Ant [pattern='/oauth/token'], Ant [pattern='/oauth/token_key'], Ant [pattern='/oauth/check_token']]], [org.springframework.security.web.context.request.async.WebAsyncManagerIntegrationFilter@1002d192, org.springframework.security.web.context.SecurityContextPersistenceFilter@448cdb47, org.springframework.security.web.header.HeaderWriterFilter@28b458e6, org.springframework.security.web.authentication.logout.LogoutFilter@4f64d9cb, org.springframework.security.web.authentication.www.BasicAuthenticationFilter@6735f210, org.springframework.security.web.savedrequest.RequestCacheAwareFilter@2b01c689, org.springframework.security.web.servletapi.SecurityContextHolderAwareRequestFilter@852ef8d, org.springframework.security.web.authentication.AnonymousAuthenticationFilter@9281d19, org.springframework.security.web.session.SessionManagementFilter@5f56424d, org.springframework.security.web.access.ExceptionTranslationFilter@1544ded3, org.springframework.security.web.access.intercept.FilterSecurityInterceptor@f18b738]
2019-02-12 17:22:42.080  WARN 32153 --- [main] aWebConfiguration$JpaWebMvcConfiguration : spring.jpa.open-in-view is enabled by default. Therefore, database queries may be performed during view rendering. Explicitly configure spring.jpa.open-in-view to disable this warning
2019-02-12 17:22:42.109  INFO 32153 --- [main] o.s.s.web.DefaultSecurityFilterChain     : Creating filter chain: org.springframework.security.oauth2.config.annotation.web.configuration.ResourceServerConfiguration$NotOAuthRequestMatcher@50a7c72b, [org.springframework.security.web.context.request.async.WebAsyncManagerIntegrationFilter@54c11750, org.springframework.security.web.context.SecurityContextPersistenceFilter@8b41ad, org.springframework.security.web.header.HeaderWriterFilter@722787b5, org.springframework.web.filter.CorsFilter@221b77d7, org.springframework.security.web.authentication.logout.LogoutFilter@48dff674, org.springframework.security.oauth2.provider.authentication.OAuth2AuthenticationProcessingFilter@bb8ead8, org.springframework.security.web.savedrequest.RequestCacheAwareFilter@541d4d9f, org.springframework.security.web.servletapi.SecurityContextHolderAwareRequestFilter@1a497286, org.springframework.security.web.authentication.AnonymousAuthenticationFilter@5cd8d029, org.springframework.security.web.session.SessionManagementFilter@edb83f8, org.springframework.security.web.access.ExceptionTranslationFilter@79f5a6ed, org.springframework.security.web.access.intercept.FilterSecurityInterceptor@51fe7f15]
2019-02-12 17:22:42.111  INFO 32153 --- [main] o.s.s.web.DefaultSecurityFilterChain     : Creating filter chain: any request, [org.springframework.security.web.context.request.async.WebAsyncManagerIntegrationFilter@4ef5dd23, org.springframework.security.web.context.SecurityContextPersistenceFilter@635ff2a5, org.springframework.security.web.header.HeaderWriterFilter@1e6bd263, org.springframework.security.web.csrf.CsrfFilter@6a5dd083, org.springframework.security.web.authentication.logout.LogoutFilter@7f5ce33e, org.springframework.security.web.savedrequest.RequestCacheAwareFilter@55adcf9e, org.springframework.security.web.servletapi.SecurityContextHolderAwareRequestFilter@1515f782, org.springframework.security.web.authentication.AnonymousAuthenticationFilter@163e8949, org.springframework.security.web.session.SessionManagementFilter@394a6d2b, org.springframework.security.web.access.ExceptionTranslationFilter@582dcd35, org.springframework.security.web.access.intercept.FilterSecurityInterceptor@7aae1170]
2019-02-12 17:22:42.195  INFO 32153 --- [main] o.s.s.concurrent.ThreadPoolTaskExecutor  : Initializing ExecutorService 'applicationTaskExecutor'
2019-02-12 17:22:42.286  INFO 32153 --- [main] o.s.b.w.embedded.tomcat.TomcatWebServer  : Tomcat started on port(s): 9000 (http) with context path ''
2019-02-12 17:22:42.287  INFO 32153 --- [main] c.ua.sutty.jwtoauth.JwtOauthApplication  : Started JwtOauthApplication in 2.658 seconds (JVM running for 2.972)
2019-02-12 17:23:25.401  INFO 32153 --- [http-nio-9000-exec-1] o.a.c.c.C.[Tomcat].[localhost].[/]       : Initializing Spring DispatcherServlet 'dispatcherServlet'
2019-02-12 17:23:25.401  INFO 32153 --- [http-nio-9000-exec-1] o.s.web.servlet.DispatcherServlet        : Initializing Servlet 'dispatcherServlet'
2019-02-12 17:23:25.406  INFO 32153 --- [http-nio-9000-exec-1] o.s.web.servlet.DispatcherServlet        : Completed initialization in 5 ms
2019-02-12 17:23:25.696  INFO 32153 --- [http-nio-9000-exec-1] o.h.h.i.QueryTranslatorFactoryInitiator  : HHH000397: Using ASTQueryTranslatorFactory
2019-02-12 17:23:45.267  INFO 32153 --- [Thread-7] o.s.s.concurrent.ThreadPoolTaskExecutor  : Shutting down ExecutorService 'applicationTaskExecutor'
2019-02-12 17:23:45.268  INFO 32153 --- [Thread-7] j.LocalContainerEntityManagerFactoryBean : Closing JPA EntityManagerFactory for persistence unit 'default'
2019-02-12 17:23:45.270  INFO 32153 --- [Thread-7] com.zaxxer.hikari.HikariDataSource       : HikariPool-1 - Shutdown initiated...
2019-02-12 17:23:45.272  INFO 32153 --- [Thread-7] com.zaxxer.hikari.HikariDataSource       : HikariPool-1 - Shutdown completed.
2019-02-12 17:23:46.812  INFO 32322 --- [main] c.ua.sutty.jwtoauth.JwtOauthApplication  : Starting JwtOauthApplication on suttyread-lx with PID 32322 (/home/NIX/suttyread/IdeaProjects/jwt-oauth/target/classes started by suttyread in /home/NIX/suttyread/IdeaProjects/jwt-oauth)
2019-02-12 17:23:46.813  INFO 32322 --- [main] c.ua.sutty.jwtoauth.JwtOauthApplication  : No active profile set, falling back to default profiles: default
2019-02-12 17:23:47.354  INFO 32322 --- [main] .s.d.r.c.RepositoryConfigurationDelegate : Bootstrapping Spring Data repositories in DEFAULT mode.
2019-02-12 17:23:47.398  INFO 32322 --- [main] .s.d.r.c.RepositoryConfigurationDelegate : Finished Spring Data repository scanning in 40ms. Found 1 repository interfaces.
2019-02-12 17:23:47.633  INFO 32322 --- [main] trationDelegate$BeanPostProcessorChecker : Bean 'org.springframework.transaction.annotation.ProxyTransactionManagementConfiguration' of type [org.springframework.transaction.annotation.ProxyTransactionManagementConfiguration$$EnhancerBySpringCGLIB$$94917b0d] is not eligible for getting processed by all BeanPostProcessors (for example: not eligible for auto-proxying)
2019-02-12 17:23:47.809  INFO 32322 --- [main] o.s.b.w.embedded.tomcat.TomcatWebServer  : Tomcat initialized with port(s): 9000 (http)
2019-02-12 17:23:47.822  INFO 32322 --- [main] o.apache.catalina.core.StandardService   : Starting service [Tomcat]
2019-02-12 17:23:47.823  INFO 32322 --- [main] org.apache.catalina.core.StandardEngine  : Starting Servlet engine: [Apache Tomcat/9.0.14]
2019-02-12 17:23:47.827  INFO 32322 --- [main] o.a.catalina.core.AprLifecycleListener   : The APR based Apache Tomcat Native library which allows optimal performance in production environments was not found on the java.library.path: [/usr/java/packages/lib/amd64:/usr/lib64:/lib64:/lib:/usr/lib]
2019-02-12 17:23:47.899  INFO 32322 --- [main] o.a.c.c.C.[Tomcat].[localhost].[/]       : Initializing Spring embedded WebApplicationContext
2019-02-12 17:23:47.899  INFO 32322 --- [main] o.s.web.context.ContextLoader            : Root WebApplicationContext: initialization completed in 1065 ms
2019-02-12 17:23:47.989  INFO 32322 --- [main] com.zaxxer.hikari.HikariDataSource       : HikariPool-1 - Starting...
2019-02-12 17:23:48.045  INFO 32322 --- [main] com.zaxxer.hikari.HikariDataSource       : HikariPool-1 - Start completed.
2019-02-12 17:23:48.069  INFO 32322 --- [main] o.hibernate.jpa.internal.util.LogHelper  : HHH000204: Processing PersistenceUnitInfo [
	name: default
	...]
2019-02-12 17:23:48.141  INFO 32322 --- [main] org.hibernate.Version                    : HHH000412: Hibernate Core {5.3.7.Final}
2019-02-12 17:23:48.142  INFO 32322 --- [main] org.hibernate.cfg.Environment            : HHH000206: hibernate.properties not found
2019-02-12 17:23:48.206  INFO 32322 --- [main] o.hibernate.annotations.common.Version   : HCANN000001: Hibernate Commons Annotations {5.0.4.Final}
2019-02-12 17:23:48.265  INFO 32322 --- [main] org.hibernate.dialect.Dialect            : HHH000400: Using dialect: org.hibernate.dialect.MySQL5Dialect
2019-02-12 17:23:48.585  INFO 32322 --- [main] o.h.t.schema.internal.SchemaCreatorImpl  : HHH000476: Executing import script 'ScriptSourceInputFromUrl(file:/home/NIX/suttyread/IdeaProjects/jwt-oauth/target/classes/import.sql)'
2019-02-12 17:23:48.592  INFO 32322 --- [main] j.LocalContainerEntityManagerFactoryBean : Initialized JPA EntityManagerFactory for persistence unit 'default'
2019-02-12 17:23:48.826  WARN 32322 --- [main] o.s.s.o.p.t.s.JwtAccessTokenConverter    : Unable to create an RSA verifier from verifierKey (ignoreable if using MAC)
2019-02-12 17:23:49.001  INFO 32322 --- [main] o.s.s.web.DefaultSecurityFilterChain     : Creating filter chain: OrRequestMatcher [requestMatchers=[Ant [pattern='/oauth/token'], Ant [pattern='/oauth/token_key'], Ant [pattern='/oauth/check_token']]], [org.springframework.security.web.context.request.async.WebAsyncManagerIntegrationFilter@6df11e91, org.springframework.security.web.context.SecurityContextPersistenceFilter@237b2852, org.springframework.security.web.header.HeaderWriterFilter@3ccb12d, org.springframework.security.web.authentication.logout.LogoutFilter@3181d4de, org.springframework.security.web.authentication.www.BasicAuthenticationFilter@19ae36f4, org.springframework.security.web.savedrequest.RequestCacheAwareFilter@4628a02b, org.springframework.security.web.servletapi.SecurityContextHolderAwareRequestFilter@721bf7ad, org.springframework.security.web.authentication.AnonymousAuthenticationFilter@1002d192, org.springframework.security.web.session.SessionManagementFilter@7e0f9528, org.springframework.security.web.access.ExceptionTranslationFilter@537b3b2e, org.springframework.security.web.access.intercept.FilterSecurityInterceptor@5323999f]
2019-02-12 17:23:49.018  WARN 32322 --- [main] aWebConfiguration$JpaWebMvcConfiguration : spring.jpa.open-in-view is enabled by default. Therefore, database queries may be performed during view rendering. Explicitly configure spring.jpa.open-in-view to disable this warning
2019-02-12 17:23:49.046  INFO 32322 --- [main] o.s.s.web.DefaultSecurityFilterChain     : Creating filter chain: org.springframework.security.oauth2.config.annotation.web.configuration.ResourceServerConfiguration$NotOAuthRequestMatcher@3a0896b3, [org.springframework.security.web.context.request.async.WebAsyncManagerIntegrationFilter@50a7c72b, org.springframework.security.web.context.SecurityContextPersistenceFilter@edb83f8, org.springframework.security.web.header.HeaderWriterFilter@79f5a6ed, org.springframework.web.filter.CorsFilter@54c11750, org.springframework.security.web.authentication.logout.LogoutFilter@1a497286, org.springframework.security.oauth2.provider.authentication.OAuth2AuthenticationProcessingFilter@389a5022, org.springframework.security.web.savedrequest.RequestCacheAwareFilter@8b41ad, org.springframework.security.web.servletapi.SecurityContextHolderAwareRequestFilter@541d4d9f, org.springframework.security.web.authentication.AnonymousAuthenticationFilter@221b77d7, org.springframework.security.web.session.SessionManagementFilter@722787b5, org.springframework.security.web.access.ExceptionTranslationFilter@1e721583, org.springframework.security.web.access.intercept.FilterSecurityInterceptor@53cb0bcb]
2019-02-12 17:23:49.048  INFO 32322 --- [main] o.s.s.web.DefaultSecurityFilterChain     : Creating filter chain: any request, [org.springframework.security.web.context.request.async.WebAsyncManagerIntegrationFilter@7aae1170, org.springframework.security.web.context.SecurityContextPersistenceFilter@394a6d2b, org.springframework.security.web.header.HeaderWriterFilter@582dcd35, org.springframework.security.web.csrf.CsrfFilter@63e4484d, org.springframework.security.web.authentication.logout.LogoutFilter@1515f782, org.springframework.security.web.savedrequest.RequestCacheAwareFilter@635ff2a5, org.springframework.security.web.servletapi.SecurityContextHolderAwareRequestFilter@55adcf9e, org.springframework.security.web.authentication.AnonymousAuthenticationFilter@4ef5dd23, org.springframework.security.web.session.SessionManagementFilter@1e6bd263, org.springframework.security.web.access.ExceptionTranslationFilter@5c70d7f0, org.springframework.security.web.access.intercept.FilterSecurityInterceptor@62735b13]
2019-02-12 17:23:49.133  INFO 32322 --- [main] o.s.s.concurrent.ThreadPoolTaskExecutor  : Initializing ExecutorService 'applicationTaskExecutor'
2019-02-12 17:23:49.230  INFO 32322 --- [main] o.s.b.w.embedded.tomcat.TomcatWebServer  : Tomcat started on port(s): 9000 (http) with context path ''
2019-02-12 17:23:49.232  INFO 32322 --- [main] c.ua.sutty.jwtoauth.JwtOauthApplication  : Started JwtOauthApplication in 2.64 seconds (JVM running for 2.943)
2019-02-12 17:23:54.721  INFO 32322 --- [http-nio-9000-exec-1] o.a.c.c.C.[Tomcat].[localhost].[/]       : Initializing Spring DispatcherServlet 'dispatcherServlet'
2019-02-12 17:23:54.721  INFO 32322 --- [http-nio-9000-exec-1] o.s.web.servlet.DispatcherServlet        : Initializing Servlet 'dispatcherServlet'
2019-02-12 17:23:54.728  INFO 32322 --- [http-nio-9000-exec-1] o.s.web.servlet.DispatcherServlet        : Completed initialization in 7 ms
2019-02-12 17:23:55.018  INFO 32322 --- [http-nio-9000-exec-1] o.h.h.i.QueryTranslatorFactoryInitiator  : HHH000397: Using ASTQueryTranslatorFactory
2019-02-12 17:25:08.131  INFO 32322 --- [Thread-7] o.s.s.concurrent.ThreadPoolTaskExecutor  : Shutting down ExecutorService 'applicationTaskExecutor'
2019-02-12 17:25:08.132  INFO 32322 --- [Thread-7] j.LocalContainerEntityManagerFactoryBean : Closing JPA EntityManagerFactory for persistence unit 'default'
2019-02-12 17:25:08.135  INFO 32322 --- [Thread-7] com.zaxxer.hikari.HikariDataSource       : HikariPool-1 - Shutdown initiated...
2019-02-12 17:25:08.138  INFO 32322 --- [Thread-7] com.zaxxer.hikari.HikariDataSource       : HikariPool-1 - Shutdown completed.
2019-02-12 17:25:34.728  INFO 32526 --- [main] c.ua.sutty.jwtoauth.JwtOauthApplication  : Starting JwtOauthApplication on suttyread-lx with PID 32526 (/home/NIX/suttyread/IdeaProjects/jwt-oauth/target/classes started by suttyread in /home/NIX/suttyread/IdeaProjects/jwt-oauth)
2019-02-12 17:25:34.729  INFO 32526 --- [main] c.ua.sutty.jwtoauth.JwtOauthApplication  : No active profile set, falling back to default profiles: default
2019-02-12 17:25:35.294  INFO 32526 --- [main] .s.d.r.c.RepositoryConfigurationDelegate : Bootstrapping Spring Data repositories in DEFAULT mode.
2019-02-12 17:25:35.336  INFO 32526 --- [main] .s.d.r.c.RepositoryConfigurationDelegate : Finished Spring Data repository scanning in 35ms. Found 1 repository interfaces.
2019-02-12 17:25:35.559  INFO 32526 --- [main] trationDelegate$BeanPostProcessorChecker : Bean 'org.springframework.transaction.annotation.ProxyTransactionManagementConfiguration' of type [org.springframework.transaction.annotation.ProxyTransactionManagementConfiguration$$EnhancerBySpringCGLIB$$6626269f] is not eligible for getting processed by all BeanPostProcessors (for example: not eligible for auto-proxying)
2019-02-12 17:25:35.726  INFO 32526 --- [main] o.s.b.w.embedded.tomcat.TomcatWebServer  : Tomcat initialized with port(s): 9000 (http)
2019-02-12 17:25:35.738  INFO 32526 --- [main] o.apache.catalina.core.StandardService   : Starting service [Tomcat]
2019-02-12 17:25:35.739  INFO 32526 --- [main] org.apache.catalina.core.StandardEngine  : Starting Servlet engine: [Apache Tomcat/9.0.14]
2019-02-12 17:25:35.743  INFO 32526 --- [main] o.a.catalina.core.AprLifecycleListener   : The APR based Apache Tomcat Native library which allows optimal performance in production environments was not found on the java.library.path: [/usr/java/packages/lib/amd64:/usr/lib64:/lib64:/lib:/usr/lib]
2019-02-12 17:25:35.803  INFO 32526 --- [main] o.a.c.c.C.[Tomcat].[localhost].[/]       : Initializing Spring embedded WebApplicationContext
2019-02-12 17:25:35.803  INFO 32526 --- [main] o.s.web.context.ContextLoader            : Root WebApplicationContext: initialization completed in 1051 ms
2019-02-12 17:25:35.907  INFO 32526 --- [main] com.zaxxer.hikari.HikariDataSource       : HikariPool-1 - Starting...
2019-02-12 17:25:35.967  INFO 32526 --- [main] com.zaxxer.hikari.HikariDataSource       : HikariPool-1 - Start completed.
2019-02-12 17:25:36.072  INFO 32526 --- [main] o.hibernate.jpa.internal.util.LogHelper  : HHH000204: Processing PersistenceUnitInfo [
	name: default
	...]
2019-02-12 17:25:36.102  INFO 32526 --- [main] org.hibernate.Version                    : HHH000412: Hibernate Core {5.3.7.Final}
2019-02-12 17:25:36.103  INFO 32526 --- [main] org.hibernate.cfg.Environment            : HHH000206: hibernate.properties not found
2019-02-12 17:25:36.161  INFO 32526 --- [main] o.hibernate.annotations.common.Version   : HCANN000001: Hibernate Commons Annotations {5.0.4.Final}
2019-02-12 17:25:36.221  INFO 32526 --- [main] org.hibernate.dialect.Dialect            : HHH000400: Using dialect: org.hibernate.dialect.MySQL5Dialect
2019-02-12 17:25:36.553  INFO 32526 --- [main] o.h.t.schema.internal.SchemaCreatorImpl  : HHH000476: Executing import script 'ScriptSourceInputFromUrl(file:/home/NIX/suttyread/IdeaProjects/jwt-oauth/target/classes/import.sql)'
2019-02-12 17:25:36.569  INFO 32526 --- [main] j.LocalContainerEntityManagerFactoryBean : Initialized JPA EntityManagerFactory for persistence unit 'default'
2019-02-12 17:25:36.828  WARN 32526 --- [main] o.s.s.o.p.t.s.JwtAccessTokenConverter    : Unable to create an RSA verifier from verifierKey (ignoreable if using MAC)
2019-02-12 17:25:37.016  INFO 32526 --- [main] o.s.s.web.DefaultSecurityFilterChain     : Creating filter chain: OrRequestMatcher [requestMatchers=[Ant [pattern='/oauth/token'], Ant [pattern='/oauth/token_key'], Ant [pattern='/oauth/check_token']]], [org.springframework.security.web.context.request.async.WebAsyncManagerIntegrationFilter@4f26425b, org.springframework.security.web.context.SecurityContextPersistenceFilter@66b0e207, org.springframework.security.web.header.HeaderWriterFilter@59d6642a, org.springframework.security.web.authentication.logout.LogoutFilter@3ef3f661, org.springframework.security.web.authentication.www.BasicAuthenticationFilter@11bfffb3, org.springframework.security.web.savedrequest.RequestCacheAwareFilter@7308c820, org.springframework.security.web.servletapi.SecurityContextHolderAwareRequestFilter@28e94c2, org.springframework.security.web.authentication.AnonymousAuthenticationFilter@f03ee8f, org.springframework.security.web.session.SessionManagementFilter@45984654, org.springframework.security.web.access.ExceptionTranslationFilter@464aeb09, org.springframework.security.web.access.intercept.FilterSecurityInterceptor@675ec28b]
2019-02-12 17:25:37.035  WARN 32526 --- [main] aWebConfiguration$JpaWebMvcConfiguration : spring.jpa.open-in-view is enabled by default. Therefore, database queries may be performed during view rendering. Explicitly configure spring.jpa.open-in-view to disable this warning
2019-02-12 17:25:37.067  INFO 32526 --- [main] o.s.s.web.DefaultSecurityFilterChain     : Creating filter chain: org.springframework.security.oauth2.config.annotation.web.configuration.ResourceServerConfiguration$NotOAuthRequestMatcher@4c5da4f9, [org.springframework.security.web.context.request.async.WebAsyncManagerIntegrationFilter@ff0e6d4, org.springframework.security.web.context.SecurityContextPersistenceFilter@18c7f6b5, org.springframework.security.web.header.HeaderWriterFilter@91a2543, org.springframework.web.filter.CorsFilter@70d3cdbf, org.springframework.security.web.authentication.logout.LogoutFilter@609b041c, org.springframework.security.oauth2.provider.authentication.OAuth2AuthenticationProcessingFilter@7c91fe86, org.springframework.security.web.savedrequest.RequestCacheAwareFilter@629b780f, org.springframework.security.web.servletapi.SecurityContextHolderAwareRequestFilter@3af36922, org.springframework.security.web.authentication.AnonymousAuthenticationFilter@72a7aa4f, org.springframework.security.web.session.SessionManagementFilter@42730828, org.springframework.security.web.access.ExceptionTranslationFilter@9be7319, org.springframework.security.web.access.intercept.FilterSecurityInterceptor@13aed42b]
2019-02-12 17:25:37.069  INFO 32526 --- [main] o.s.s.web.DefaultSecurityFilterChain     : Creating filter chain: any request, [org.springframework.security.web.context.request.async.WebAsyncManagerIntegrationFilter@2cbe455c, org.springframework.security.web.context.SecurityContextPersistenceFilter@34fcd292, org.springframework.security.web.header.HeaderWriterFilter@7b1a30e5, org.springframework.security.web.csrf.CsrfFilter@18907af2, org.springframework.security.web.authentication.logout.LogoutFilter@6b6def36, org.springframework.security.web.savedrequest.RequestCacheAwareFilter@63db743d, org.springframework.security.web.servletapi.SecurityContextHolderAwareRequestFilter@496cedbb, org.springframework.security.web.authentication.AnonymousAuthenticationFilter@4cb24e2, org.springframework.security.web.session.SessionManagementFilter@1de7f898, org.springframework.security.web.access.ExceptionTranslationFilter@6d7740f0, org.springframework.security.web.access.intercept.FilterSecurityInterceptor@2b2a4332]
2019-02-12 17:25:37.157  INFO 32526 --- [main] o.s.s.concurrent.ThreadPoolTaskExecutor  : Initializing ExecutorService 'applicationTaskExecutor'
2019-02-12 17:25:37.256  INFO 32526 --- [main] o.s.b.w.embedded.tomcat.TomcatWebServer  : Tomcat started on port(s): 9000 (http) with context path ''
2019-02-12 17:25:37.257  INFO 32526 --- [main] c.ua.sutty.jwtoauth.JwtOauthApplication  : Started JwtOauthApplication in 2.739 seconds (JVM running for 3.032)
2019-02-12 17:25:42.909  INFO 32526 --- [http-nio-9000-exec-1] o.a.c.c.C.[Tomcat].[localhost].[/]       : Initializing Spring DispatcherServlet 'dispatcherServlet'
2019-02-12 17:25:42.909  INFO 32526 --- [http-nio-9000-exec-1] o.s.web.servlet.DispatcherServlet        : Initializing Servlet 'dispatcherServlet'
2019-02-12 17:25:42.913  INFO 32526 --- [http-nio-9000-exec-1] o.s.web.servlet.DispatcherServlet        : Completed initialization in 4 ms
2019-02-12 17:25:43.200  INFO 32526 --- [http-nio-9000-exec-1] o.h.h.i.QueryTranslatorFactoryInitiator  : HHH000397: Using ASTQueryTranslatorFactory
